<?xml version="1.0" encoding="UTF-8"?>
<!-- Generated by org.testng.reporters.JUnitReportReporter -->
<testsuite hostname="BUNNY" failures="0" tests="1" name="pack1.Lab3PartOfLab8" time="20.833" errors="0" timestamp="2025-08-28T10:58:34 IST" skipped="0">
  <testcase classname="pack1.Lab3PartOfLab8" name="test" time="20.833"/>
  <system-out/>
</testsuite> <!-- pack1.Lab3PartOfLab8 -->
