<?xml version="1.0" encoding="UTF-8"?>
<!-- Generated by org.testng.reporters.JUnitReportReporter -->
<testsuite hostname="BUNNY" failures="0" tests="3" name="pack1.Lab4PartOfLab9" time="54.990" errors="0" timestamp="2025-08-26T16:24:29 IST" skipped="0">
  <testcase classname="pack1.Lab4PartOfLab9" name="testFlow" time="15.000"/>
  <system-out/>
  <testcase classname="pack1.Lab4PartOfLab9" name="testFlow" time="21.342"/>
  <system-out/>
  <testcase classname="pack1.Lab4PartOfLab9" name="testFlow" time="18.648"/>
  <system-out/>
</testsuite> <!-- pack1.Lab4PartOfLab9 -->
