<?xml version="1.0" encoding="UTF-8"?>
<!-- Generated by org.testng.reporters.JUnitReportReporter -->
<testsuite hostname="BUNNY" failures="0" tests="4" name="pack1.TC10Groups" time="0.026" errors="0" timestamp="2025-08-26T15:36:33 IST" skipped="0">
  <testcase classname="pack1.TC10Groups" name="test3" time="0.002"/>
  <system-out/>
  <testcase classname="pack1.TC10Groups" name="test4" time="0.005"/>
  <system-out/>
  <testcase classname="pack1.TC10Groups" name="test2" time="0.001"/>
  <system-out/>
  <testcase classname="pack1.TC10Groups" name="test1" time="0.018"/>
  <system-out/>
</testsuite> <!-- pack1.TC10Groups -->
