<?xml version="1.0" encoding="UTF-8"?>
<!-- Generated by org.testng.reporters.JUnitReportReporter -->
<testsuite hostname="BUNNY" failures="0" tests="1" name="pack1.TC12PageObjects" time="9.630" errors="0" timestamp="2025-08-28T10:59:27 IST" skipped="0">
  <testcase classname="pack1.TC12PageObjects" name="f" time="9.630"/>
  <system-out/>
</testsuite> <!-- pack1.TC12PageObjects -->
