<?xml version="1.0" encoding="UTF-8"?>
<!-- Generated by org.testng.reporters.JUnitReportReporter -->
<testsuite hostname="BUNNY" failures="0" tests="3" name="pack1.Lab4" time="23.319" errors="0" timestamp="2025-08-26T14:17:26 IST" skipped="0">
  <testcase classname="pack1.Lab4" name="testFlow" time="7.831"/>
  <system-out/>
  <testcase classname="pack1.Lab4" name="testFlow" time="5.382"/>
  <system-out/>
  <testcase classname="pack1.Lab4" name="testFlow" time="10.106"/>
  <system-out/>
</testsuite> <!-- pack1.Lab4 -->
