<?xml version="1.0" encoding="UTF-8"?>
<!-- Generated by org.testng.reporters.JUnitReportReporter -->
<testsuite hostname="BUNNY" failures="0" tests="1" name="pack1.TC14ScreenShot" time="16.373" errors="0" timestamp="2025-08-29T10:44:57 IST" skipped="0">
  <testcase classname="pack1.TC14ScreenShot" name="screenshottest" time="16.373"/>
  <system-out/>
</testsuite> <!-- pack1.TC14ScreenShot -->
