<?xml version="1.0" encoding="UTF-8"?>
<!-- Generated by org.testng.reporters.JUnitReportReporter -->
<testsuite hostname="BUNNY" failures="0" tests="3" name="pack1.TC11CrossBrowSeparate" time="17.778" errors="0" timestamp="2025-08-26T16:24:29 IST" skipped="0">
  <testcase classname="pack1.TC11CrossBrowSeparate" name="openSite" time="5.689"/>
  <system-out/>
  <testcase classname="pack1.TC11CrossBrowSeparate" name="openSite" time="5.737"/>
  <system-out/>
  <testcase classname="pack1.TC11CrossBrowSeparate" name="openSite" time="6.352"/>
  <system-out/>
</testsuite> <!-- pack1.TC11CrossBrowSeparate -->
