<?xml version="1.0" encoding="UTF-8"?>
<!-- Generated by org.testng.reporters.JUnitReportReporter -->
<testsuite hostname="BUNNY" failures="0" tests="3" name="pack1.Lab3PartOfLab9" time="62.730" errors="0" timestamp="2025-08-26T16:24:29 IST" skipped="0">
  <testcase classname="pack1.Lab3PartOfLab9" name="test" time="14.190"/>
  <system-out/>
  <testcase classname="pack1.Lab3PartOfLab9" name="test" time="31.610"/>
  <system-out/>
  <testcase classname="pack1.Lab3PartOfLab9" name="test" time="16.930"/>
  <system-out/>
</testsuite> <!-- pack1.Lab3PartOfLab9 -->
