<?xml version="1.0" encoding="UTF-8"?>
<!-- Generated by org.testng.reporters.JUnitReportReporter -->
<testsuite hostname="BUNNY" failures="0" tests="3" name="pack1.Lab3" time="154.492" errors="0" timestamp="2025-08-26T14:17:26 IST" skipped="0">
  <testcase classname="pack1.Lab3" name="test" time="10.042"/>
  <system-out/>
  <testcase classname="pack1.Lab3" name="test" time="23.261"/>
  <system-out/>
  <testcase classname="pack1.Lab3" name="test" time="121.189"/>
  <system-out/>
</testsuite> <!-- pack1.Lab3 -->
