<?xml version="1.0" encoding="UTF-8"?>
<!-- Generated by org.testng.reporters.JUnitReportReporter -->
<testsuite hostname="BUNNY" failures="0" tests="1" name="pack1.Lab4PartOfLab8" time="5.361" errors="0" timestamp="2025-08-28T10:58:34 IST" skipped="0">
  <testcase classname="pack1.Lab4PartOfLab8" name="testFlow" time="5.361"/>
  <system-out/>
</testsuite> <!-- pack1.Lab4PartOfLab8 -->
