<?xml version="1.0" encoding="UTF-8"?>
<!-- Generated by org.testng.reporters.JUnitReportReporter -->
<testsuite hostname="BUNNY" failures="0" tests="1" name="com.orangehrm.test.Login_Orangehrm" time="9.632" errors="0" timestamp="2025-08-29T15:38:10 IST" skipped="0">
  <testcase classname="com.orangehrm.test.Login_Orangehrm" name="verifylogin" time="9.632"/>
</testsuite> <!-- com.orangehrm.test.Login_Orangehrm -->
