<?xml version="1.0" encoding="UTF-8"?>
<!-- Generated by org.testng.reporters.JUnitReportReporter -->
<testsuite hostname="BUNNY" failures="0" tests="2" name="pack1.TC01_TestNG" time="15.754" errors="0" timestamp="2025-08-26T12:25:55 IST" skipped="0">
  <testcase classname="pack1.TC01_TestNG" name="f" time="8.075"/>
  <system-out/>
  <testcase classname="pack1.TC01_TestNG" name="f" time="7.679"/>
  <system-out/>
</testsuite> <!-- pack1.TC01_TestNG -->
